<?xml version="1.0" encoding="UTF-8"?>
<testng-results skipped="0" failed="0" total="2" passed="2">
  <reporter-output>
  </reporter-output>
  <suite name="Default suite" duration-ms="54822" started-at="2015-12-31T19:32:44Z" finished-at="2015-12-31T19:33:39Z">
    <groups>
    </groups>
    <test name="Default test" duration-ms="54822" started-at="2015-12-31T19:32:44Z" finished-at="2015-12-31T19:33:39Z">
      <class name="day06.ScreenShotOutput">
        <test-method status="PASS" signature="launchApplication()[pri:0, instance:day06.ScreenShotOutput@2bb843a4]" name="launchApplication" duration-ms="45234" started-at="2016-01-01T01:02:44Z" finished-at="2016-01-01T01:03:29Z">
          <reporter-output>
          </reporter-output>
        </test-method> <!-- launchApplication -->
        <test-method status="PASS" signature="launchBrowser()[pri:0, instance:day06.ScreenShotOutput@2bb843a4]" name="launchBrowser" duration-ms="7842" started-at="2016-01-01T01:03:29Z" finished-at="2016-01-01T01:03:37Z">
          <reporter-output>
          </reporter-output>
        </test-method> <!-- launchBrowser -->
        <test-method status="PASS" signature="takeScreenShot()[pri:0, instance:day06.ScreenShotOutput@2bb843a4]" name="takeScreenShot" is-config="true" duration-ms="1123" started-at="2016-01-01T01:03:37Z" finished-at="2016-01-01T01:03:38Z">
          <reporter-output>
          </reporter-output>
        </test-method> <!-- takeScreenShot -->
        <test-method status="PASS" signature="terminateBrowser()[pri:0, instance:day06.ScreenShotOutput@2bb843a4]" name="terminateBrowser" is-config="true" duration-ms="597" started-at="2016-01-01T01:03:38Z" finished-at="2016-01-01T01:03:39Z">
          <reporter-output>
          </reporter-output>
        </test-method> <!-- terminateBrowser -->
      </class> <!-- day06.ScreenShotOutput -->
    </test> <!-- Default test -->
  </suite> <!-- Default suite -->
</testng-results>
