<?xml version="1.0" encoding="UTF-8"?>
<testng-results skipped="0" failed="0" total="3" passed="3">
  <reporter-output>
  </reporter-output>
  <suite name="Default suite" duration-ms="59762" started-at="2015-12-31T13:20:48Z" finished-at="2015-12-31T13:21:48Z">
    <groups>
    </groups>
    <test name="Default test" duration-ms="59762" started-at="2015-12-31T13:20:48Z" finished-at="2015-12-31T13:21:48Z">
      <class name="day04.VerifyExcelDataUsingTestNG">
        <test-method status="PASS" signature="launchApplication()[pri:0, instance:day04.VerifyExcelDataUsingTestNG@998c805]" name="launchApplication" duration-ms="50261" started-at="2015-12-31T18:50:48Z" finished-at="2015-12-31T18:51:38Z">
          <reporter-output>
          </reporter-output>
        </test-method> <!-- launchApplication -->
        <test-method status="PASS" signature="launchBrowser()[pri:0, instance:day04.VerifyExcelDataUsingTestNG@998c805]" name="launchBrowser" duration-ms="8876" started-at="2015-12-31T18:51:38Z" finished-at="2015-12-31T18:51:47Z">
          <reporter-output>
          </reporter-output>
        </test-method> <!-- launchBrowser -->
        <test-method status="PASS" signature="verifyHomwPageTittle()[pri:0, instance:day04.VerifyExcelDataUsingTestNG@998c805]" name="verifyHomwPageTittle" duration-ms="30" started-at="2015-12-31T18:51:47Z" finished-at="2015-12-31T18:51:47Z">
          <reporter-output>
          </reporter-output>
        </test-method> <!-- verifyHomwPageTittle -->
        <test-method status="PASS" signature="terminateBrowser()[pri:0, instance:day04.VerifyExcelDataUsingTestNG@998c805]" name="terminateBrowser" is-config="true" duration-ms="574" started-at="2015-12-31T18:51:47Z" finished-at="2015-12-31T18:51:48Z">
          <reporter-output>
          </reporter-output>
        </test-method> <!-- terminateBrowser -->
      </class> <!-- day04.VerifyExcelDataUsingTestNG -->
    </test> <!-- Default test -->
  </suite> <!-- Default suite -->
</testng-results>
