<?xml version="1.0" encoding="UTF-8"?>
<!-- Generated by org.testng.reporters.JUnitXMLReporter -->
<testsuite hostname="Manu-PC" name="Default test" tests="3" failures="0" timestamp="31 Dec 2015 13:21:48 GMT" time="59.762" errors="0">
  <testcase name="launchApplication" time="50.261" classname="day04.VerifyExcelDataUsingTestNG"/>
  <testcase name="launchBrowser" time="8.876" classname="day04.VerifyExcelDataUsingTestNG"/>
  <testcase name="verifyHomwPageTittle" time="0.03" classname="day04.VerifyExcelDataUsingTestNG"/>
</testsuite> <!-- Default test -->
